        -:    0:Source:/home/peter/CLionProjects/CRC_HACK/tests/tests.cpp
        -:    0:Graph:/home/peter/CLionProjects/CRC_HACK/cmake-build-debug-coverage/tests/CMakeFiles/ExampleTest.dir/tests.cpp.gcno
        -:    0:Data:/home/peter/CLionProjects/CRC_HACK/cmake-build-debug-coverage/tests/CMakeFiles/ExampleTest.dir/tests.cpp.gcda
        -:    0:Runs:3
        -:    1:#include <gtest/gtest.h>
        -:    2:
        -:    3://
        -:    4:// Created by peter on 25.09.22.
        -:    5://
        4:    6:TEST(EX_TEST, ex){
       1*:    7:    EXPECT_EQ(1, 1);
        1:    8:}
------------------
_ZN15EX_TEST_ex_TestC2Ev:
function _ZN15EX_TEST_ex_TestC2Ev called 1 returned 100% blocks executed 100%
        1:    6:TEST(EX_TEST, ex){
        1:    6-block  0
call    0 returned 1
------------------
_ZN15EX_TEST_ex_TestD0Ev:
function _ZN15EX_TEST_ex_TestD0Ev called 1 returned 100% blocks executed 100%
        1:    6:TEST(EX_TEST, ex){
        1:    6-block  0
call    0 returned 1
call    1 returned 1
------------------
_ZN15EX_TEST_ex_TestD2Ev:
function _ZN15EX_TEST_ex_TestD2Ev called 1 returned 100% blocks executed 100%
        1:    6:TEST(EX_TEST, ex){
        1:    6-block  0
call    0 returned 1
------------------
_ZN15EX_TEST_ex_Test8TestBodyEv:
function _ZN15EX_TEST_ex_Test8TestBodyEv called 1 returned 100% blocks executed 24%
        1:    6:TEST(EX_TEST, ex){
       1*:    7:    EXPECT_EQ(1, 1);
        1:    7-block  0
call    0 returned 1
branch  1 taken 1 (fallthrough)
branch  2 taken 0 (throw)
        1:    7-block  1
call    3 returned 1
branch  4 taken 0 (fallthrough)
branch  5 taken 1
    %%%%%:    7-block  2
call    6 never executed
branch  7 never executed
branch  8 never executed
    %%%%%:    7-block  3
call    9 never executed
call   10 never executed
branch 11 never executed
branch 12 never executed
    %%%%%:    7-block  4
call   13 never executed
branch 14 never executed
branch 15 never executed
    %%%%%:    7-block  5
call   16 never executed
call   17 never executed
        1:    7-block  6
call   18 returned 1
    $$$$$:    7-block  7
    $$$$$:    7-block  8
    $$$$$:    7-block  9
call   19 never executed
    $$$$$:    7-block 10
    $$$$$:    7-block 11
call   20 never executed
    $$$$$:    7-block 12
    $$$$$:    7-block 13
call   21 never executed
        1:    8:}
------------------
        -:    9:
        -:   10:#include "../crc.h"
        -:   11:
        8:   12:TEST(CRC_CALC_TEST, CORRECT_VALUE){
        -:   13:    crc::crc crc_hash;
        2:   14:    uint16_t known_checksum = 0x583E;
        2:   15:    string password = "ILove_MyCat";
       2*:   16:    EXPECT_EQ(known_checksum, crc_hash.calculate_crc(password));
        -:   17:
        2:   18:}
------------------
_ZN32CRC_CALC_TEST_CORRECT_VALUE_TestC2Ev:
function _ZN32CRC_CALC_TEST_CORRECT_VALUE_TestC2Ev called 2 returned 100% blocks executed 100%
        2:   12:TEST(CRC_CALC_TEST, CORRECT_VALUE){
        2:   12-block  0
call    0 returned 2
------------------
_ZN32CRC_CALC_TEST_CORRECT_VALUE_TestD0Ev:
function _ZN32CRC_CALC_TEST_CORRECT_VALUE_TestD0Ev called 2 returned 100% blocks executed 100%
        2:   12:TEST(CRC_CALC_TEST, CORRECT_VALUE){
        2:   12-block  0
call    0 returned 2
call    1 returned 2
------------------
_ZN32CRC_CALC_TEST_CORRECT_VALUE_TestD2Ev:
function _ZN32CRC_CALC_TEST_CORRECT_VALUE_TestD2Ev called 2 returned 100% blocks executed 100%
        2:   12:TEST(CRC_CALC_TEST, CORRECT_VALUE){
        2:   12-block  0
call    0 returned 2
------------------
_ZN32CRC_CALC_TEST_CORRECT_VALUE_Test8TestBodyEv:
function _ZN32CRC_CALC_TEST_CORRECT_VALUE_Test8TestBodyEv called 2 returned 100% blocks executed 33%
        2:   12:TEST(CRC_CALC_TEST, CORRECT_VALUE){
        -:   13:    crc::crc crc_hash;
        2:   14:    uint16_t known_checksum = 0x583E;
        2:   15:    string password = "ILove_MyCat";
        2:   15-block  0
call    0 returned 2
call    1 returned 2
branch  2 taken 2 (fallthrough)
branch  3 taken 0 (throw)
    $$$$$:   15-block  1
       2*:   16:    EXPECT_EQ(known_checksum, crc_hash.calculate_crc(password));
call    0 returned 2
branch  1 taken 2 (fallthrough)
branch  2 taken 0 (throw)
        2:   16-block  0
call    3 returned 2
branch  4 taken 2 (fallthrough)
branch  5 taken 0 (throw)
        2:   16-block  1
call    6 returned 2
branch  7 taken 2 (fallthrough)
branch  8 taken 0 (throw)
        2:   16-block  2
call    9 returned 2
call   10 returned 2
branch 11 taken 0 (fallthrough)
branch 12 taken 2
    %%%%%:   16-block  3
call   13 never executed
branch 14 never executed
branch 15 never executed
    %%%%%:   16-block  4
call   16 never executed
call   17 never executed
branch 18 never executed
branch 19 never executed
    %%%%%:   16-block  5
call   20 never executed
branch 21 never executed
branch 22 never executed
    %%%%%:   16-block  6
call   23 never executed
call   24 never executed
        2:   16-block  7
call   25 returned 2
    $$$$$:   16-block  8
    $$$$$:   16-block  9
    $$$$$:   16-block 10
call   26 never executed
    $$$$$:   16-block 11
    $$$$$:   16-block 12
call   27 never executed
    $$$$$:   16-block 13
    $$$$$:   16-block 14
call   28 never executed
        -:   17:
        2:   18:}
call    0 returned 2
    $$$$$:   18-block  0
call    1 never executed
------------------
        -:   19:
        -:   20:
        -:   21:struct crc_test : testing::Test{
        -:   22:    crc::crc* crc_hash;
function _ZN8crc_testC2Ev called 5 returned 100% blocks executed 80%
        5:   23:    crc_test(){
        5:   23-block  0
call    0 returned 5
        5:   24:        crc_hash = new crc::crc;
call    0 returned 5
branch  1 taken 5 (fallthrough)
branch  2 taken 0 (throw)
        5:   25:    }
        5:   25-block  0
    $$$$$:   25-block  1
call    0 never executed
       5*:   26:    ~crc_test(){
        5:   27:        delete crc_hash;
       5*:   28:    }
------------------
_ZN8crc_testD0Ev:
function _ZN8crc_testD0Ev called 0 returned 0% blocks executed 0%
    #####:   26:    ~crc_test(){
        -:   27:        delete crc_hash;
    #####:   28:    }
    %%%%%:   28-block  0
call    0 never executed
call    1 never executed
------------------
_ZN8crc_testD2Ev:
function _ZN8crc_testD2Ev called 5 returned 100% blocks executed 100%
        5:   26:    ~crc_test(){
        5:   27:        delete crc_hash;
        5:   27-block  0
branch  0 taken 5 (fallthrough)
branch  1 taken 0
        5:   27-block  1
call    2 returned 5
        5:   28:    }
        5:   28-block  0
call    0 returned 5
------------------
        -:   29:};
        4:   30:TEST_F(crc_test, CORRECT_VALUE){
        1:   31:    uint16_t known_checksum = 0x583E;
        1:   32:    string password = "ILove_MyCat";
       1*:   33:    EXPECT_EQ(known_checksum, crc_hash->calculate_crc(password));
        -:   34:
        1:   35:}
------------------
_ZN27crc_test_CORRECT_VALUE_TestC2Ev:
function _ZN27crc_test_CORRECT_VALUE_TestC2Ev called 1 returned 100% blocks executed 100%
        1:   30:TEST_F(crc_test, CORRECT_VALUE){
        1:   30-block  0
call    0 returned 1
------------------
_ZN27crc_test_CORRECT_VALUE_TestD0Ev:
function _ZN27crc_test_CORRECT_VALUE_TestD0Ev called 1 returned 100% blocks executed 100%
        1:   30:TEST_F(crc_test, CORRECT_VALUE){
        1:   30-block  0
call    0 returned 1
call    1 returned 1
------------------
_ZN27crc_test_CORRECT_VALUE_TestD2Ev:
function _ZN27crc_test_CORRECT_VALUE_TestD2Ev called 1 returned 100% blocks executed 100%
        1:   30:TEST_F(crc_test, CORRECT_VALUE){
        1:   30-block  0
call    0 returned 1
------------------
_ZN27crc_test_CORRECT_VALUE_Test8TestBodyEv:
function _ZN27crc_test_CORRECT_VALUE_Test8TestBodyEv called 1 returned 100% blocks executed 33%
        1:   30:TEST_F(crc_test, CORRECT_VALUE){
        1:   31:    uint16_t known_checksum = 0x583E;
        1:   32:    string password = "ILove_MyCat";
        1:   32-block  0
call    0 returned 1
call    1 returned 1
branch  2 taken 1 (fallthrough)
branch  3 taken 0 (throw)
    $$$$$:   32-block  1
       1*:   33:    EXPECT_EQ(known_checksum, crc_hash->calculate_crc(password));
call    0 returned 1
branch  1 taken 1 (fallthrough)
branch  2 taken 0 (throw)
        1:   33-block  0
call    3 returned 1
branch  4 taken 1 (fallthrough)
branch  5 taken 0 (throw)
        1:   33-block  1
call    6 returned 1
branch  7 taken 1 (fallthrough)
branch  8 taken 0 (throw)
        1:   33-block  2
call    9 returned 1
call   10 returned 1
branch 11 taken 0 (fallthrough)
branch 12 taken 1
    %%%%%:   33-block  3
call   13 never executed
branch 14 never executed
branch 15 never executed
    %%%%%:   33-block  4
call   16 never executed
call   17 never executed
branch 18 never executed
branch 19 never executed
    %%%%%:   33-block  5
call   20 never executed
branch 21 never executed
branch 22 never executed
    %%%%%:   33-block  6
call   23 never executed
call   24 never executed
        1:   33-block  7
call   25 returned 1
    $$$$$:   33-block  8
    $$$$$:   33-block  9
    $$$$$:   33-block 10
call   26 never executed
    $$$$$:   33-block 11
    $$$$$:   33-block 12
call   27 never executed
    $$$$$:   33-block 13
    $$$$$:   33-block 14
call   28 never executed
        -:   34:
        1:   35:}
call    0 returned 1
    $$$$$:   35-block  0
call    1 never executed
------------------
        -:   36:struct crc_state{
        -:   37:    uint16_t known_hash;
        -:   38:    string password;
        -:   39:    bool password_exist_in_dict;
        -:   40:};
        -:   41:
        -:   42:struct BruteForceCrcTest : crc_test, testing::WithParamInterface<crc_state>{
function _ZN17BruteForceCrcTestC2Ev called 4 returned 100% blocks executed 100%
        4:   43:    BruteForceCrcTest(){}
        4:   43-block  0
call    0 returned 4
call    1 returned 4
        -:   44:};
        -:   45:
       11:   46:TEST_P(BruteForceCrcTest, coorect_brute){
        4:   47:    auto as = GetParam();
       8*:   48:    EXPECT_EQ(as.password, crc_hash->brute_force(as.known_hash).first);
       8*:   49:    EXPECT_EQ(as.password_exist_in_dict, crc_hash->brute_force(as.known_hash).second);
        4:   50:}
------------------
_ZN36BruteForceCrcTest_coorect_brute_Test8TestBodyEv:
function _ZN36BruteForceCrcTest_coorect_brute_Test8TestBodyEv called 4 returned 100% blocks executed 30%
        4:   46:TEST_P(BruteForceCrcTest, coorect_brute){
        4:   47:    auto as = GetParam();
        4:   47-block  0
call    0 returned 4
branch  1 taken 4 (fallthrough)
branch  2 taken 0 (throw)
        4:   47-block  1
call    3 returned 4
branch  4 taken 4 (fallthrough)
branch  5 taken 0 (throw)
       8*:   48:    EXPECT_EQ(as.password, crc_hash->brute_force(as.known_hash).first);
        4:   48-block  0
call    0 returned 4
branch  1 taken 4 (fallthrough)
branch  2 taken 0 (throw)
        4:   48-block  1
call    3 returned 4
branch  4 taken 4 (fallthrough)
branch  5 taken 0 (throw)
call    6 returned 4
branch  7 taken 0 (fallthrough)
branch  8 taken 4
    %%%%%:   48-block  2
call    9 never executed
branch 10 never executed
branch 11 never executed
    %%%%%:   48-block  3
call   12 never executed
call   13 never executed
branch 14 never executed
branch 15 never executed
    %%%%%:   48-block  4
call   16 never executed
branch 17 never executed
branch 18 never executed
    %%%%%:   48-block  5
call   19 never executed
call   20 never executed
        4:   48-block  6
call   21 returned 4
    $$$$$:   48-block  7
    $$$$$:   48-block  8
call   22 never executed
    $$$$$:   48-block  9
    $$$$$:   48-block 10
call   23 never executed
    $$$$$:   48-block 11
    $$$$$:   48-block 12
call   24 never executed
       8*:   49:    EXPECT_EQ(as.password_exist_in_dict, crc_hash->brute_force(as.known_hash).second);
call    0 returned 4
branch  1 taken 4 (fallthrough)
branch  2 taken 0 (throw)
        4:   49-block  0
call    3 returned 4
branch  4 taken 4 (fallthrough)
branch  5 taken 0 (throw)
call    6 returned 4
branch  7 taken 0 (fallthrough)
branch  8 taken 4
    %%%%%:   49-block  1
call    9 never executed
branch 10 never executed
branch 11 never executed
    %%%%%:   49-block  2
call   12 never executed
call   13 never executed
branch 14 never executed
branch 15 never executed
    %%%%%:   49-block  3
call   16 never executed
branch 17 never executed
branch 18 never executed
    %%%%%:   49-block  4
call   19 never executed
call   20 never executed
        4:   49-block  5
call   21 returned 4
    $$$$$:   49-block  6
    $$$$$:   49-block  7
call   22 never executed
    $$$$$:   49-block  8
    $$$$$:   49-block  9
call   23 never executed
    $$$$$:   49-block 10
    $$$$$:   49-block 11
call   24 never executed
        4:   50:}
call    0 returned 4
    $$$$$:   50-block  0
call    1 never executed
------------------
_ZN36BruteForceCrcTest_coorect_brute_Test13AddToRegistryEv:
function _ZN36BruteForceCrcTest_coorect_brute_Test13AddToRegistryEv called 3 returned 100% blocks executed 55%
        3:   46:TEST_P(BruteForceCrcTest, coorect_brute){
        3:   46-block  0
call    0 returned 3
call    1 returned 3
call    2 returned 3
call    3 returned 3
branch  4 taken 3 (fallthrough)
branch  5 taken 0 (throw)
        3:   46-block  1
call    6 returned 3
branch  7 taken 3 (fallthrough)
branch  8 taken 0 (throw)
        3:   46-block  2
call    9 returned 3
branch 10 taken 3 (fallthrough)
branch 11 taken 0 (throw)
        3:   46-block  3
call   12 returned 3
call   13 returned 3
branch 14 taken 3 (fallthrough)
branch 15 taken 0 (throw)
        3:   46-block  4
call   16 returned 3
branch 17 taken 3 (fallthrough)
branch 18 taken 0 (throw)
        3:   46-block  5
call   19 returned 3
branch 20 taken 3 (fallthrough)
branch 21 taken 0 (throw)
        3:   46-block  6
call   22 returned 3
call   23 returned 3
branch 24 taken 3 (fallthrough)
branch 25 taken 0 (throw)
        3:   46-block  7
call   26 returned 3
call   27 returned 3
call   28 returned 3
call   29 returned 3
call   30 returned 3
call   31 returned 3
        3:   46-block  8
    $$$$$:   46-block  9
call   32 never executed
    $$$$$:   46-block 10
    $$$$$:   46-block 11
call   33 never executed
    $$$$$:   46-block 12
    $$$$$:   46-block 13
call   34 never executed
    $$$$$:   46-block 14
    $$$$$:   46-block 15
call   35 never executed
    $$$$$:   46-block 16
    $$$$$:   46-block 17
call   36 never executed
    $$$$$:   46-block 18
    $$$$$:   46-block 19
call   37 never executed
------------------
_ZN36BruteForceCrcTest_coorect_brute_TestC2Ev:
function _ZN36BruteForceCrcTest_coorect_brute_TestC2Ev called 4 returned 100% blocks executed 100%
        4:   46:TEST_P(BruteForceCrcTest, coorect_brute){
        4:   46-block  0
call    0 returned 4
------------------
      18*:   51:INSTANTIATE_TEST_CASE_P(Default, BruteForceCrcTest, testing::Values(
------------------
_ZL48gtest_DefaultBruteForceCrcTest_EvalGenerateName_RKN7testing13TestParamInfoI9crc_stateEE:
function _ZL48gtest_DefaultBruteForceCrcTest_EvalGenerateName_RKN7testing13TestParamInfoI9crc_stateEE called 12 returned 100% blocks executed 9%
      12*:   51:INSTANTIATE_TEST_CASE_P(Default, BruteForceCrcTest, testing::Values(
       12:   51-block  0
call    0 returned 12
branch  1 taken 0 (fallthrough)
branch  2 taken 12
    %%%%%:   51-block  1
call    3 never executed
call    4 never executed
call    5 never executed
branch  6 never executed
branch  7 never executed
    %%%%%:   51-block  2
call    8 never executed
call    9 never executed
branch 10 never executed
branch 11 never executed
    %%%%%:   51-block  3
call   12 never executed
call   13 never executed
branch 14 never executed
branch 15 never executed
    %%%%%:   51-block  4
call   16 never executed
call   17 never executed
branch 18 never executed
branch 19 never executed
    %%%%%:   51-block  5
call   20 never executed
branch 21 never executed
branch 22 never executed
    %%%%%:   51-block  6
call   23 never executed
branch 24 never executed
branch 25 never executed
call   26 never executed
call   27 never executed
call   28 never executed
call   29 never executed
call   30 never executed
call   31 never executed
call   32 never executed
call   33 never executed
call   34 never executed
       12:   51-block  7
call   35 returned 12
    $$$$$:   51-block  8
    $$$$$:   51-block  9
    $$$$$:   51-block 10
    $$$$$:   51-block 11
    $$$$$:   51-block 12
    $$$$$:   51-block 13
    $$$$$:   51-block 14
    $$$$$:   51-block 15
    $$$$$:   51-block 16
------------------
_ZL45gtest_DefaultBruteForceCrcTest_EvalGenerator_v:
function _ZL45gtest_DefaultBruteForceCrcTest_EvalGenerator_v called 3 returned 100% blocks executed 47%
        6:   51:INSTANTIATE_TEST_CASE_P(Default, BruteForceCrcTest, testing::Values(
        3:   51-block  0
call    0 returned 3
call    1 returned 3
branch  2 taken 3 (fallthrough)
branch  3 taken 0 (throw)
        3:   51-block  1
call    4 returned 3
call    5 returned 3
branch  6 taken 3 (fallthrough)
branch  7 taken 0 (throw)
        3:   51-block  2
call    8 returned 3
call    9 returned 3
branch 10 taken 3 (fallthrough)
branch 11 taken 0 (throw)
        3:   51-block  3
call   12 returned 3
call   13 returned 3
branch 14 taken 3 (fallthrough)
branch 15 taken 0 (throw)
        3:   51-block  4
call   16 returned 3
branch 17 taken 3 (fallthrough)
branch 18 taken 0 (throw)
        3:   51-block  5
call   19 returned 3
branch 20 taken 3 (fallthrough)
branch 21 taken 0 (throw)
        3:   51-block  6
call   22 returned 3
call   23 returned 3
call   24 returned 3
call   25 returned 3
call   26 returned 3
call   27 returned 3
call   28 returned 3
call   29 returned 3
call   30 returned 3
        3:   51-block  7
    $$$$$:   51-block  8
call   31 never executed
    $$$$$:   51-block  9
    $$$$$:   51-block 10
call   32 never executed
    $$$$$:   51-block 11
    $$$$$:   51-block 12
call   33 never executed
    $$$$$:   51-block 13
    $$$$$:   51-block 14
call   34 never executed
    $$$$$:   51-block 15
    $$$$$:   51-block 16
call   35 never executed
    $$$$$:   51-block 17
    $$$$$:   51-block 18
call   36 never executed
    $$$$$:   51-block 19
    $$$$$:   51-block 20
call   37 never executed
    $$$$$:   51-block 21
    $$$$$:   51-block 22
call   38 never executed
    $$$$$:   51-block 23
    $$$$$:   51-block 24
call   39 never executed
------------------
        -:   52:        crc_state{0x583E, "ILove_MyCat", true},
        -:   53:        crc_state{0x583, "", false},
        -:   54:        crc_state{0x583E, "ILove_MyCat", true},
        -:   55:        crc_state{0x1607, "jaguar", true}
        -:   56:
        -:   57:));
        -:   58:
        -:   59://struct ASCII_TO_HEX : crc_test, testing::WithParamInterface<crc_state>{
        -:   60://    ASCII_TO_HEX(){
        -:   61://    }
        -:   62://};
        -:   63://
        -:   64://struct convert_state{
        -:   65://    string ascii;
        -:   66://    string hex;
        -:   67://};
        -:   68:
        4:   69:TEST(ASCII_TO_HEX, coorect_convert){
        -:   70://    auto as = GetParam();
        -:   71:    crc::crc my_crc;
        1:   72:    cout <<  my_crc.str_to_hex("sdf") << endl;
       2*:   73:    EXPECT_EQ("736466", my_crc.str_to_hex("sdf"));
       2*:   74:    EXPECT_EQ("73616161", my_crc.str_to_hex("saaa"));
       2*:   75:    EXPECT_EQ("3B", my_crc.str_to_hex(";"));
        -:   76:
        1:   77:}
------------------
_ZN33ASCII_TO_HEX_coorect_convert_TestC2Ev:
function _ZN33ASCII_TO_HEX_coorect_convert_TestC2Ev called 1 returned 100% blocks executed 100%
        1:   69:TEST(ASCII_TO_HEX, coorect_convert){
        1:   69-block  0
call    0 returned 1
------------------
_ZN33ASCII_TO_HEX_coorect_convert_TestD0Ev:
function _ZN33ASCII_TO_HEX_coorect_convert_TestD0Ev called 1 returned 100% blocks executed 100%
        1:   69:TEST(ASCII_TO_HEX, coorect_convert){
        1:   69-block  0
call    0 returned 1
call    1 returned 1
------------------
_ZN33ASCII_TO_HEX_coorect_convert_TestD2Ev:
function _ZN33ASCII_TO_HEX_coorect_convert_TestD2Ev called 1 returned 100% blocks executed 100%
        1:   69:TEST(ASCII_TO_HEX, coorect_convert){
        1:   69-block  0
call    0 returned 1
------------------
_ZN33ASCII_TO_HEX_coorect_convert_Test8TestBodyEv:
function _ZN33ASCII_TO_HEX_coorect_convert_Test8TestBodyEv called 1 returned 100% blocks executed 32%
        1:   69:TEST(ASCII_TO_HEX, coorect_convert){
        -:   70://    auto as = GetParam();
        -:   71:    crc::crc my_crc;
        1:   72:    cout <<  my_crc.str_to_hex("sdf") << endl;
        1:   72-block  0
call    0 returned 1
call    1 returned 1
branch  2 taken 1 (fallthrough)
branch  3 taken 0 (throw)
        1:   72-block  1
call    4 returned 1
branch  5 taken 1 (fallthrough)
branch  6 taken 0 (throw)
        1:   72-block  2
call    7 returned 1
branch  8 taken 1 (fallthrough)
branch  9 taken 0 (throw)
        1:   72-block  3
call   10 returned 1
branch 11 taken 1 (fallthrough)
branch 12 taken 0 (throw)
        1:   72-block  4
call   13 returned 1
call   14 returned 1
call   15 returned 1
    $$$$$:   72-block  5
call   16 never executed
    $$$$$:   72-block  6
    $$$$$:   72-block  7
call   17 never executed
    $$$$$:   72-block  8
    $$$$$:   72-block  9
call   18 never executed
    $$$$$:   72-block 10
       2*:   73:    EXPECT_EQ("736466", my_crc.str_to_hex("sdf"));
call    0 returned 1
call    1 returned 1
branch  2 taken 1 (fallthrough)
branch  3 taken 0 (throw)
        1:   73-block  0
call    4 returned 1
branch  5 taken 1 (fallthrough)
branch  6 taken 0 (throw)
        1:   73-block  1
call    7 returned 1
branch  8 taken 1 (fallthrough)
branch  9 taken 0 (throw)
call   10 returned 1
call   11 returned 1
call   12 returned 1
branch 13 taken 0 (fallthrough)
branch 14 taken 1
    %%%%%:   73-block  2
call   15 never executed
branch 16 never executed
branch 17 never executed
    %%%%%:   73-block  3
call   18 never executed
call   19 never executed
branch 20 never executed
branch 21 never executed
    %%%%%:   73-block  4
call   22 never executed
branch 23 never executed
branch 24 never executed
    %%%%%:   73-block  5
call   25 never executed
call   26 never executed
        1:   73-block  6
call   27 returned 1
    $$$$$:   73-block  7
    $$$$$:   73-block  8
    $$$$$:   73-block  9
    $$$$$:   73-block 10
call   28 never executed
    $$$$$:   73-block 11
    $$$$$:   73-block 12
call   29 never executed
    $$$$$:   73-block 13
    $$$$$:   73-block 14
call   30 never executed
       2*:   74:    EXPECT_EQ("73616161", my_crc.str_to_hex("saaa"));
call    0 returned 1
call    1 returned 1
branch  2 taken 1 (fallthrough)
branch  3 taken 0 (throw)
        1:   74-block  0
call    4 returned 1
branch  5 taken 1 (fallthrough)
branch  6 taken 0 (throw)
        1:   74-block  1
call    7 returned 1
branch  8 taken 1 (fallthrough)
branch  9 taken 0 (throw)
call   10 returned 1
call   11 returned 1
call   12 returned 1
branch 13 taken 0 (fallthrough)
branch 14 taken 1
    %%%%%:   74-block  2
call   15 never executed
branch 16 never executed
branch 17 never executed
    %%%%%:   74-block  3
call   18 never executed
call   19 never executed
branch 20 never executed
branch 21 never executed
    %%%%%:   74-block  4
call   22 never executed
branch 23 never executed
branch 24 never executed
    %%%%%:   74-block  5
call   25 never executed
call   26 never executed
        1:   74-block  6
call   27 returned 1
    $$$$$:   74-block  7
    $$$$$:   74-block  8
    $$$$$:   74-block  9
    $$$$$:   74-block 10
call   28 never executed
    $$$$$:   74-block 11
    $$$$$:   74-block 12
call   29 never executed
    $$$$$:   74-block 13
    $$$$$:   74-block 14
call   30 never executed
       2*:   75:    EXPECT_EQ("3B", my_crc.str_to_hex(";"));
call    0 returned 1
call    1 returned 1
branch  2 taken 1 (fallthrough)
branch  3 taken 0 (throw)
        1:   75-block  0
call    4 returned 1
branch  5 taken 1 (fallthrough)
branch  6 taken 0 (throw)
        1:   75-block  1
call    7 returned 1
branch  8 taken 1 (fallthrough)
branch  9 taken 0 (throw)
call   10 returned 1
call   11 returned 1
call   12 returned 1
branch 13 taken 0 (fallthrough)
branch 14 taken 1
    %%%%%:   75-block  2
call   15 never executed
branch 16 never executed
branch 17 never executed
    %%%%%:   75-block  3
call   18 never executed
call   19 never executed
branch 20 never executed
branch 21 never executed
    %%%%%:   75-block  4
call   22 never executed
branch 23 never executed
branch 24 never executed
    %%%%%:   75-block  5
call   25 never executed
call   26 never executed
        1:   75-block  6
call   27 returned 1
    $$$$$:   75-block  7
    $$$$$:   75-block  8
    $$$$$:   75-block  9
    $$$$$:   75-block 10
call   28 never executed
    $$$$$:   75-block 11
    $$$$$:   75-block 12
call   29 never executed
    $$$$$:   75-block 13
    $$$$$:   75-block 14
call   30 never executed
        -:   76:
        1:   77:}
------------------
